QuestaSim vlog 10.6c Compiler 2017.07 Jul 25 2017
Start time: 23:36:53 on Dec 18,2023
vlog -sv "+acc" "+cover" "+fcover" -l i3c_compile.log -f ../i3c_compile.f 
-- Compiling package i3c_globals_pkg
-- Compiling package i3c_controller_pkg
** Note: (vlog-2286) ../../src/hvl_top/controller/i3c_controller_pkg.sv(13): Using implicit +incdir+/tools/mentor/questasim_10.6c/questasim/uvm-1.1d/../verilog_src/uvm-1.1d/src from import uvm_pkg
-- Importing package mtiUvm.uvm_pkg (uvm-1.1d Built-in)
-- Importing package i3c_globals_pkg
-- Compiling package i3c_target_pkg
** Error: ** while parsing file included at ../../src/hvl_top/target/i3c_target_pkg.sv(30)
** at ../../src/hvl_top/target//i3c_slave_agent.sv(11): Invalid type 'i3c_slave_agent_config'. Please check the type of the variable 'i3c_slave_agent_cfg_h'.
** Error: ** while parsing file included at ../../src/hvl_top/target/i3c_target_pkg.sv(30)
** at ../../src/hvl_top/target//i3c_slave_agent.sv(13): Invalid type 'i3c_slave_monitor_proxy'. Please check the type of the variable 'i3c_slave_mon_proxy_h'.
** Error: ** while parsing file included at ../../src/hvl_top/target/i3c_target_pkg.sv(30)
** at ../../src/hvl_top/target//i3c_slave_agent.sv(14): Invalid type 'i3c_slave_sequencer'. Please check the type of the variable 'i3c_slave_seqr_h'.
** Error: ** while parsing file included at ../../src/hvl_top/target/i3c_target_pkg.sv(30)
** at ../../src/hvl_top/target//i3c_slave_agent.sv(15): Invalid type 'i3c_slave_driver_proxy'. Please check the type of the variable 'i3c_slave_drv_proxy_h'.
** Error: ** while parsing file included at ../../src/hvl_top/target/i3c_target_pkg.sv(30)
** at ../../src/hvl_top/target//i3c_slave_agent.sv(16): Invalid type 'i3c_slave_coverage'. Please check the type of the variable 'i3c_slave_cov_h'.
** Error: ** while parsing file included at ../../src/hvl_top/target/i3c_target_pkg.sv(30)
** at ../../src/hvl_top/target//i3c_slave_agent.sv(47): (vlog-2730) Undefined variable: 'i3c_slave_agent_config'.
** Error: ** while parsing file included at ../../src/hvl_top/target/i3c_target_pkg.sv(30)
** at ../../src/hvl_top/target//i3c_slave_agent.sv(50): (vlog-2730) Undefined variable: 'i3c_slave_mon_proxy_h'.
** Error: ** while parsing file included at ../../src/hvl_top/target/i3c_target_pkg.sv(30)
** at ../../src/hvl_top/target//i3c_slave_agent.sv(50): (vlog-2164) Class or package 'i3c_slave_monitor_proxy' not found.
** Error: ** while parsing file included at ../../src/hvl_top/target/i3c_target_pkg.sv(30)
** at ../../src/hvl_top/target//i3c_slave_agent.sv(50): (vlog-2730) Undefined variable: 'i3c_slave_monitor_proxy'.
** Error: (vlog-13069) ** while parsing file included at ../../src/hvl_top/target/i3c_target_pkg.sv(30)
** at ../../src/hvl_top/target//i3c_slave_agent.sv(50): near "::": syntax error, unexpected ::, expecting ';'.
** Error: ** while parsing file included at ../../src/hvl_top/target/i3c_target_pkg.sv(30)
** at ../../src/hvl_top/target//i3c_slave_agent.sv(55): (vlog-2730) Undefined variable: 'i3c_slave_drv_proxy_h'.
** Error: ** while parsing file included at ../../src/hvl_top/target/i3c_target_pkg.sv(30)
** at ../../src/hvl_top/target//i3c_slave_agent.sv(55): (vlog-2164) Class or package 'i3c_slave_driver_proxy' not found.
** Error: ** while parsing file included at ../../src/hvl_top/target/i3c_target_pkg.sv(30)
** at ../../src/hvl_top/target//i3c_slave_agent.sv(55): (vlog-2730) Undefined variable: 'i3c_slave_driver_proxy'.
** Error: (vlog-13069) ** while parsing file included at ../../src/hvl_top/target/i3c_target_pkg.sv(30)
** at ../../src/hvl_top/target//i3c_slave_agent.sv(55): near "::": syntax error, unexpected ::, expecting ';'.
** Error: ** while parsing file included at ../../src/hvl_top/target/i3c_target_pkg.sv(30)
** at ../../src/hvl_top/target//i3c_slave_agent.sv(56): (vlog-2730) Undefined variable: 'i3c_slave_seqr_h'.
** Error: ** while parsing file included at ../../src/hvl_top/target/i3c_target_pkg.sv(30)
** at ../../src/hvl_top/target//i3c_slave_agent.sv(56): (vlog-2164) Class or package 'i3c_slave_sequencer' not found.
** Error: ** while parsing file included at ../../src/hvl_top/target/i3c_target_pkg.sv(30)
** at ../../src/hvl_top/target//i3c_slave_agent.sv(56): (vlog-2730) Undefined variable: 'i3c_slave_sequencer'.
** Error: (vlog-13069) ** while parsing file included at ../../src/hvl_top/target/i3c_target_pkg.sv(30)
** at ../../src/hvl_top/target//i3c_slave_agent.sv(56): near "::": syntax error, unexpected ::, expecting ';'.
** Error: ** while parsing file included at ../../src/hvl_top/target/i3c_target_pkg.sv(30)
** at ../../src/hvl_top/target//i3c_slave_agent.sv(62): (vlog-2730) Undefined variable: 'i3c_slave_cov_h'.
** Error: ** while parsing file included at ../../src/hvl_top/target/i3c_target_pkg.sv(30)
** at ../../src/hvl_top/target//i3c_slave_agent.sv(62): (vlog-2164) Class or package 'i3c_slave_coverage' not found.
** Error: ** while parsing file included at ../../src/hvl_top/target/i3c_target_pkg.sv(30)
** at ../../src/hvl_top/target//i3c_slave_agent.sv(62): (vlog-2730) Undefined variable: 'i3c_slave_coverage'.
** Error: (vlog-13069) ** while parsing file included at ../../src/hvl_top/target/i3c_target_pkg.sv(30)
** at ../../src/hvl_top/target//i3c_slave_agent.sv(62): near "::": syntax error, unexpected ::, expecting ';'.
** Error: ** while parsing file included at ../../src/hvl_top/target/i3c_target_pkg.sv(30)
** at ../../src/hvl_top/target//i3c_slave_agent.sv(77): (vlog-2730) Undefined variable: 'i3c_slave_agent_cfg_h'.
** Error: ** while parsing file included at ../../src/hvl_top/target/i3c_target_pkg.sv(30)
** at ../../src/hvl_top/target//i3c_slave_agent.sv(83): (vlog-2730) Undefined variable: 'i3c_slave_agent_cfg_h'.
-- Compiling package i3c_controller_seq_pkg
-- Importing package i3c_controller_pkg
-- Compiling package i3c_target_seq_pkg
** Error: ../../src/hvl_top/target/target_sequences/i3c_target_seq_pkg.sv(16): (vlog-13006) Could not find the package (i3c_target_pkg).  Design read will continue, but expect a cascade of errors after this failure.  Furthermore if you experience a vopt-7 error immediately before this error then please check the package names or the library search paths on the command line.
** Error: ** while parsing file included at ../../src/hvl_top/target/target_sequences/i3c_target_seq_pkg.sv(22)
** at ../../src/hvl_top/target/target_sequences//i3c_target_base_seq.sv(9): (vlog-2730) Undefined variable: 'i3c_target_tx'.
** Error: ** while parsing file included at ../../src/hvl_top/target/target_sequences/i3c_target_seq_pkg.sv(23)
** at ../../src/hvl_top/target/target_sequences//i3c_target_8b_seq.sv(34): (vlog-2164) Class or package 'i3c_target_tx' not found.
** Error: (vlog-13069) ** while parsing file included at ../../src/hvl_top/target/target_sequences/i3c_target_seq_pkg.sv(23)
** at ../../src/hvl_top/target/target_sequences//i3c_target_8b_seq.sv(34): near "::": syntax error, unexpected ::, expecting ';'.
-- Compiling package i3c_env_pkg
** Error: ../../src/hvl_top/env/i3c_env_pkg.sv(18): (vlog-13006) Could not find the package (i3c_target_pkg).  Design read will continue, but expect a cascade of errors after this failure.  Furthermore if you experience a vopt-7 error immediately before this error then please check the package names or the library search paths on the command line.
** Error: ** while parsing file included at ../../src/hvl_top/env/i3c_env_pkg.sv(21)
** at ../../src/hvl_top/env/i3c_env_config.sv(33): Invalid type 'i3c_target_agent_config'. Please check the type of the variable 'i3c_target_agent_cfg_h'.
** Error: (vlog-13069) ** while parsing file included at ../../src/hvl_top/env/i3c_env_pkg.sv(21)
** at ../../src/hvl_top/env/i3c_env_config.sv(33): near "[": syntax error, unexpected '[', expecting function or task or "SystemVerilog keyword 'pure'".
-- Compiling package i3c_virtual_seq_pkg
** Error: ** while parsing file included at ../../src/hvl_top/env/i3c_env_pkg.sv(21)
** at ../../src/hvl_top/test/virtual_sequences/i3c_virtual_seq_pkg.sv(21): (vlog-13006) Could not find the package (i3c_target_pkg).  Design read will continue, but expect a cascade of errors after this failure.  Furthermore if you experience a vopt-7 error immediately before this error then please check the package names or the library search paths on the command line.
-- Importing package i3c_controller_seq_pkg
** Error: ** while parsing file included at ../../src/hvl_top/env/i3c_env_pkg.sv(21)
** at ../../src/hvl_top/test/virtual_sequences/i3c_virtual_seq_pkg.sv(23): (vlog-13006) Could not find the package (i3c_target_seq_pkg).  Design read will continue, but expect a cascade of errors after this failure.  Furthermore if you experience a vopt-7 error immediately before this error then please check the package names or the library search paths on the command line.
** Error: ** while parsing file included at ../../src/hvl_top/env/i3c_env_pkg.sv(21)
** while parsing file included at ../../src/hvl_top/test/virtual_sequences/i3c_virtual_seq_pkg.sv(27)
** while parsing macro expansion: 'uvm_declare_p_sequencer' starting at ../../src/hvl_top/test/virtual_sequences//i3c_virtual_base_seq.sv(15)
** at ../../src/hvl_top/test/virtual_sequences//i3c_virtual_base_seq.sv(15): Invalid type 'i3c_virtual_sequencer'. Please check the type of the variable 'p_sequencer'.
** Error: ** while parsing file included at ../../src/hvl_top/env/i3c_env_pkg.sv(21)
** while parsing file included at ../../src/hvl_top/test/virtual_sequences/i3c_virtual_seq_pkg.sv(27)
** at ../../src/hvl_top/test/virtual_sequences//i3c_virtual_base_seq.sv(24): Invalid type 'i3c_target_sequencer'. Please check the type of the variable 'i3c_target_seqr_h'.
** Error: ** while parsing file included at ../../src/hvl_top/env/i3c_env_pkg.sv(21)
** while parsing file included at ../../src/hvl_top/test/virtual_sequences/i3c_virtual_seq_pkg.sv(27)
** at ../../src/hvl_top/test/virtual_sequences//i3c_virtual_base_seq.sv(25): Invalid type 'i3c_env_config'. Please check the type of the variable 'i3c_env_cfg_h'.
** Error: ** while parsing file included at ../../src/hvl_top/env/i3c_env_pkg.sv(21)
** while parsing file included at ../../src/hvl_top/test/virtual_sequences/i3c_virtual_seq_pkg.sv(27)
** at ../../src/hvl_top/test/virtual_sequences//i3c_virtual_base_seq.sv(55): Identifier 'i3c_env_config' is not directly visible.
   Found multiple Declaration of 'i3c_env_config' through wildcard imports from these packages : i3c_env_pkg, i3c_env_pkg
** Error: ** while parsing file included at ../../src/hvl_top/env/i3c_env_pkg.sv(21)
** while parsing file included at ../../src/hvl_top/test/virtual_sequences/i3c_virtual_seq_pkg.sv(27)
** at ../../src/hvl_top/test/virtual_sequences//i3c_virtual_base_seq.sv(55): Illegal to use typedef "i3c_env_config" as a variable.
** Error: ** while parsing file included at ../../src/hvl_top/env/i3c_env_pkg.sv(21)
** while parsing file included at ../../src/hvl_top/test/virtual_sequences/i3c_virtual_seq_pkg.sv(27)
** at ../../src/hvl_top/test/virtual_sequences//i3c_virtual_base_seq.sv(68): (vlog-2730) Undefined variable: 'i3c_target_seqr_h'.
** Error: ** while parsing file included at ../../src/hvl_top/env/i3c_env_pkg.sv(21)
** while parsing file included at ../../src/hvl_top/test/virtual_sequences/i3c_virtual_seq_pkg.sv(28)
** at ../../src/hvl_top/test/virtual_sequences//i3c_virtual_8b_write_seq.sv(12): Invalid type 'i3c_8b_target_seq'. Please check the type of the variable 'i3c_8b_target_seq_h'.
** Error: ** while parsing file included at ../../src/hvl_top/env/i3c_env_pkg.sv(21)
** while parsing file included at ../../src/hvl_top/test/virtual_sequences/i3c_virtual_seq_pkg.sv(28)
** at ../../src/hvl_top/test/virtual_sequences//i3c_virtual_8b_write_seq.sv(42): (vlog-2730) Undefined variable: 'i3c_8b_target_seq_h'.
** Error: ** while parsing file included at ../../src/hvl_top/env/i3c_env_pkg.sv(21)
** while parsing file included at ../../src/hvl_top/test/virtual_sequences/i3c_virtual_seq_pkg.sv(28)
** at ../../src/hvl_top/test/virtual_sequences//i3c_virtual_8b_write_seq.sv(42): (vlog-2164) Class or package 'i3c_8b_target_seq' not found.
** Error: ** while parsing file included at ../../src/hvl_top/env/i3c_env_pkg.sv(21)
** while parsing file included at ../../src/hvl_top/test/virtual_sequences/i3c_virtual_seq_pkg.sv(28)
** at ../../src/hvl_top/test/virtual_sequences//i3c_virtual_8b_write_seq.sv(42): (vlog-2730) Undefined variable: 'i3c_8b_target_seq'.
** Error: (vlog-13069) ** while parsing file included at ../../src/hvl_top/env/i3c_env_pkg.sv(21)
** while parsing file included at ../../src/hvl_top/test/virtual_sequences/i3c_virtual_seq_pkg.sv(28)
** at ../../src/hvl_top/test/virtual_sequences//i3c_virtual_8b_write_seq.sv(42): near "::": syntax error, unexpected ::, expecting ';'.
** Error: ** while parsing file included at ../../src/hvl_top/env/i3c_env_pkg.sv(21)
** while parsing file included at ../../src/hvl_top/test/virtual_sequences/i3c_virtual_seq_pkg.sv(29)
** at ../../src/hvl_top/test/virtual_sequences//i3c_virtual_8b_read_seq.sv(11): Invalid type 'i3c_master_8b_read_seq'. Please check the type of the variable 'i3c_master_8b_read_seq_h'.
** Error: ** while parsing file included at ../../src/hvl_top/env/i3c_env_pkg.sv(21)
** while parsing file included at ../../src/hvl_top/test/virtual_sequences/i3c_virtual_seq_pkg.sv(29)
** at ../../src/hvl_top/test/virtual_sequences//i3c_virtual_8b_read_seq.sv(12): Invalid type 'i3c_8b_slave_seq'. Please check the type of the variable 'i3c_8b_slave_seq_h'.
** Error: ** while parsing file included at ../../src/hvl_top/env/i3c_env_pkg.sv(21)
** while parsing file included at ../../src/hvl_top/test/virtual_sequences/i3c_virtual_seq_pkg.sv(29)
** at ../../src/hvl_top/test/virtual_sequences//i3c_virtual_8b_read_seq.sv(41): (vlog-2730) Undefined variable: 'i3c_master_8b_read_seq_h'.
** Error: ** while parsing file included at ../../src/hvl_top/env/i3c_env_pkg.sv(21)
** while parsing file included at ../../src/hvl_top/test/virtual_sequences/i3c_virtual_seq_pkg.sv(29)
** at ../../src/hvl_top/test/virtual_sequences//i3c_virtual_8b_read_seq.sv(41): (vlog-2164) Class or package 'i3c_master_8b_read_seq' not found.
** Error: ** while parsing file included at ../../src/hvl_top/env/i3c_env_pkg.sv(21)
** while parsing file included at ../../src/hvl_top/test/virtual_sequences/i3c_virtual_seq_pkg.sv(29)
** at ../../src/hvl_top/test/virtual_sequences//i3c_virtual_8b_read_seq.sv(41): (vlog-2730) Undefined variable: 'i3c_master_8b_read_seq'.
** Error: (vlog-13069) ** while parsing file included at ../../src/hvl_top/env/i3c_env_pkg.sv(21)
** while parsing file included at ../../src/hvl_top/test/virtual_sequences/i3c_virtual_seq_pkg.sv(29)
** at ../../src/hvl_top/test/virtual_sequences//i3c_virtual_8b_read_seq.sv(41): near "::": syntax error, unexpected ::, expecting ';'.
** Error: ** while parsing file included at ../../src/hvl_top/env/i3c_env_pkg.sv(21)
** while parsing file included at ../../src/hvl_top/test/virtual_sequences/i3c_virtual_seq_pkg.sv(29)
** at ../../src/hvl_top/test/virtual_sequences//i3c_virtual_8b_read_seq.sv(42): (vlog-2730) Undefined variable: 'i3c_8b_slave_seq_h'.
** Error: ** while parsing file included at ../../src/hvl_top/env/i3c_env_pkg.sv(21)
** while parsing file included at ../../src/hvl_top/test/virtual_sequences/i3c_virtual_seq_pkg.sv(29)
** at ../../src/hvl_top/test/virtual_sequences//i3c_virtual_8b_read_seq.sv(42): (vlog-2164) Class or package 'i3c_8b_slave_seq' not found.
** Error: ** while parsing file included at ../../src/hvl_top/env/i3c_env_pkg.sv(21)
** while parsing file included at ../../src/hvl_top/test/virtual_sequences/i3c_virtual_seq_pkg.sv(29)
** at ../../src/hvl_top/test/virtual_sequences//i3c_virtual_8b_read_seq.sv(42): (vlog-2730) Undefined variable: 'i3c_8b_slave_seq'.
** Error: (vlog-13069) ** while parsing file included at ../../src/hvl_top/env/i3c_env_pkg.sv(21)
** while parsing file included at ../../src/hvl_top/test/virtual_sequences/i3c_virtual_seq_pkg.sv(29)
** at ../../src/hvl_top/test/virtual_sequences//i3c_virtual_8b_read_seq.sv(42): near "::": syntax error, unexpected ::, expecting ';'.
** Error: ** while parsing file included at ../../src/hvl_top/env/i3c_env_pkg.sv(21)
** while parsing file included at ../../src/hvl_top/test/virtual_sequences/i3c_virtual_seq_pkg.sv(30)
** at ../../src/hvl_top/test/virtual_sequences//i3c_virtual_8b_write_followed_by_read_seq.sv(11): Invalid type 'i3c_master_8b_write_read_seq'. Please check the type of the variable 'i3c_master_8b_write_read_seq_h'.
** Error: ** while parsing file included at ../../src/hvl_top/env/i3c_env_pkg.sv(21)
** while parsing file included at ../../src/hvl_top/test/virtual_sequences/i3c_virtual_seq_pkg.sv(30)
** at ../../src/hvl_top/test/virtual_sequences//i3c_virtual_8b_write_followed_by_read_seq.sv(12): Invalid type 'i3c_8b_slave_seq'. Please check the type of the variable 'i3c_8b_slave_seq_h'.
** Error: ** while parsing file included at ../../src/hvl_top/env/i3c_env_pkg.sv(21)
** while parsing file included at ../../src/hvl_top/test/virtual_sequences/i3c_virtual_seq_pkg.sv(30)
** at ../../src/hvl_top/test/virtual_sequences//i3c_virtual_8b_write_followed_by_read_seq.sv(41): (vlog-2730) Undefined variable: 'i3c_master_8b_write_read_seq_h'.
** Error: ** while parsing file included at ../../src/hvl_top/env/i3c_env_pkg.sv(21)
** while parsing file included at ../../src/hvl_top/test/virtual_sequences/i3c_virtual_seq_pkg.sv(30)
** at ../../src/hvl_top/test/virtual_sequences//i3c_virtual_8b_write_followed_by_read_seq.sv(41): (vlog-2164) Class or package 'i3c_master_8b_write_read_seq' not found.
** Error: ** while parsing file included at ../../src/hvl_top/env/i3c_env_pkg.sv(21)
** while parsing file included at ../../src/hvl_top/test/virtual_sequences/i3c_virtual_seq_pkg.sv(30)
** at ../../src/hvl_top/test/virtual_sequences//i3c_virtual_8b_write_followed_by_read_seq.sv(41): (vlog-2730) Undefined variable: 'i3c_master_8b_write_read_seq'.
** Error: (vlog-13069) ** while parsing file included at ../../src/hvl_top/env/i3c_env_pkg.sv(21)
** while parsing file included at ../../src/hvl_top/test/virtual_sequences/i3c_virtual_seq_pkg.sv(30)
** at ../../src/hvl_top/test/virtual_sequences//i3c_virtual_8b_write_followed_by_read_seq.sv(41): near "::": syntax error, unexpected ::, expecting ';'.
** Error: ** while parsing file included at ../../src/hvl_top/env/i3c_env_pkg.sv(21)
** while parsing file included at ../../src/hvl_top/test/virtual_sequences/i3c_virtual_seq_pkg.sv(30)
** at ../../src/hvl_top/test/virtual_sequences//i3c_virtual_8b_write_followed_by_read_seq.sv(42): (vlog-2730) Undefined variable: 'i3c_8b_slave_seq_h'.
** Error: ** while parsing file included at ../../src/hvl_top/env/i3c_env_pkg.sv(21)
** while parsing file included at ../../src/hvl_top/test/virtual_sequences/i3c_virtual_seq_pkg.sv(30)
** at ../../src/hvl_top/test/virtual_sequences//i3c_virtual_8b_write_followed_by_read_seq.sv(42): (vlog-2164) Class or package 'i3c_8b_slave_seq' not found.
** Error: ** while parsing file included at ../../src/hvl_top/env/i3c_env_pkg.sv(21)
** while parsing file included at ../../src/hvl_top/test/virtual_sequences/i3c_virtual_seq_pkg.sv(30)
** at ../../src/hvl_top/test/virtual_sequences//i3c_virtual_8b_write_followed_by_read_seq.sv(42): (vlog-2730) Undefined variable: 'i3c_8b_slave_seq'.
** Error: (vlog-13069) ** while parsing file included at ../../src/hvl_top/env/i3c_env_pkg.sv(21)
** while parsing file included at ../../src/hvl_top/test/virtual_sequences/i3c_virtual_seq_pkg.sv(30)
** at ../../src/hvl_top/test/virtual_sequences//i3c_virtual_8b_write_followed_by_read_seq.sv(42): near "::": syntax error, unexpected ::, expecting ';'.
** Error: ** while parsing file included at ../../src/hvl_top/env/i3c_env_pkg.sv(21)
** while parsing file included at ../../src/hvl_top/test/virtual_sequences/i3c_virtual_seq_pkg.sv(31)
** at ../../src/hvl_top/test/virtual_sequences//i3c_virtual_8b_direct_ccc_setdasa_seq.sv(10): Invalid type 'i3c_master_8b_write_seq'. Please check the type of the variable 'i3c_master_8b_write_seq_h'.
** Error: ** while parsing file included at ../../src/hvl_top/env/i3c_env_pkg.sv(21)
** while parsing file included at ../../src/hvl_top/test/virtual_sequences/i3c_virtual_seq_pkg.sv(31)
** at ../../src/hvl_top/test/virtual_sequences//i3c_virtual_8b_direct_ccc_setdasa_seq.sv(11): Invalid type 'i3c_8b_slave_seq'. Please check the type of the variable 'i3c_8b_slave_seq_h'.
** Error: ** while parsing file included at ../../src/hvl_top/env/i3c_env_pkg.sv(21)
** while parsing file included at ../../src/hvl_top/test/virtual_sequences/i3c_virtual_seq_pkg.sv(31)
** at ../../src/hvl_top/test/virtual_sequences//i3c_virtual_8b_direct_ccc_setdasa_seq.sv(40): (vlog-2730) Undefined variable: 'i3c_master_8b_write_seq_h'.
** Error: ** while parsing file included at ../../src/hvl_top/env/i3c_env_pkg.sv(21)
** while parsing file included at ../../src/hvl_top/test/virtual_sequences/i3c_virtual_seq_pkg.sv(31)
** at ../../src/hvl_top/test/virtual_sequences//i3c_virtual_8b_direct_ccc_setdasa_seq.sv(40): (vlog-2164) Class or package 'i3c_master_8b_write_seq' not found.
** Error: ** while parsing file included at ../../src/hvl_top/env/i3c_env_pkg.sv(21)
** while parsing file included at ../../src/hvl_top/test/virtual_sequences/i3c_virtual_seq_pkg.sv(31)
** at ../../src/hvl_top/test/virtual_sequences//i3c_virtual_8b_direct_ccc_setdasa_seq.sv(40): (vlog-2730) Undefined variable: 'i3c_master_8b_write_seq'.
** Error: (vlog-13069) ** while parsing file included at ../../src/hvl_top/env/i3c_env_pkg.sv(21)
** while parsing file included at ../../src/hvl_top/test/virtual_sequences/i3c_virtual_seq_pkg.sv(31)
** at ../../src/hvl_top/test/virtual_sequences//i3c_virtual_8b_direct_ccc_setdasa_seq.sv(40): near "::": syntax error, unexpected ::, expecting ';'.
** Error: ** while parsing file included at ../../src/hvl_top/env/i3c_env_pkg.sv(21)
** while parsing file included at ../../src/hvl_top/test/virtual_sequences/i3c_virtual_seq_pkg.sv(31)
** at ../../src/hvl_top/test/virtual_sequences//i3c_virtual_8b_direct_ccc_setdasa_seq.sv(41): (vlog-2730) Undefined variable: 'i3c_8b_slave_seq_h'.
** Error: ** while parsing file included at ../../src/hvl_top/env/i3c_env_pkg.sv(21)
** while parsing file included at ../../src/hvl_top/test/virtual_sequences/i3c_virtual_seq_pkg.sv(31)
** at ../../src/hvl_top/test/virtual_sequences//i3c_virtual_8b_direct_ccc_setdasa_seq.sv(41): (vlog-2164) Class or package 'i3c_8b_slave_seq' not found.
** Error: ** while parsing file included at ../../src/hvl_top/env/i3c_env_pkg.sv(21)
** while parsing file included at ../../src/hvl_top/test/virtual_sequences/i3c_virtual_seq_pkg.sv(31)
** at ../../src/hvl_top/test/virtual_sequences//i3c_virtual_8b_direct_ccc_setdasa_seq.sv(41): (vlog-2730) Undefined variable: 'i3c_8b_slave_seq'.
** Error: (vlog-13069) ** while parsing file included at ../../src/hvl_top/env/i3c_env_pkg.sv(21)
** while parsing file included at ../../src/hvl_top/test/virtual_sequences/i3c_virtual_seq_pkg.sv(31)
** at ../../src/hvl_top/test/virtual_sequences//i3c_virtual_8b_direct_ccc_setdasa_seq.sv(41): near "::": syntax error, unexpected ::, expecting ';'.
** Error: (vlog-13069) ** while parsing file included at ../../src/hvl_top/env/i3c_env_pkg.sv(21)
** at ../../src/hvl_top/env/i3c_env_config.sv(33): near "]": syntax error, unexpected ']', expecting class.
-- Compiling package i3c_test_pkg
** Error: ** while parsing file included at ../../src/hvl_top/env/i3c_env_pkg.sv(21)
** at ../../src/hvl_top/test/i3c_test_pkg.sv(21): (vlog-13006) Could not find the package (i3c_master_pkg).  Design read will continue, but expect a cascade of errors after this failure.  Furthermore if you experience a vopt-7 error immediately before this error then please check the package names or the library search paths on the command line.
** Error: ** while parsing file included at ../../src/hvl_top/env/i3c_env_pkg.sv(21)
** at ../../src/hvl_top/test/i3c_test_pkg.sv(22): (vlog-13006) Could not find the package (i3c_slave_pkg).  Design read will continue, but expect a cascade of errors after this failure.  Furthermore if you experience a vopt-7 error immediately before this error then please check the package names or the library search paths on the command line.
** Error: ** while parsing file included at ../../src/hvl_top/env/i3c_env_pkg.sv(21)
** at ../../src/hvl_top/test/i3c_test_pkg.sv(24): (vlog-13006) Could not find the package (i3c_master_seq_pkg).  Design read will continue, but expect a cascade of errors after this failure.  Furthermore if you experience a vopt-7 error immediately before this error then please check the package names or the library search paths on the command line.
** Error: ** while parsing file included at ../../src/hvl_top/env/i3c_env_pkg.sv(21)
** at ../../src/hvl_top/test/i3c_test_pkg.sv(25): (vlog-13006) Could not find the package (i3c_slave_seq_pkg).  Design read will continue, but expect a cascade of errors after this failure.  Furthermore if you experience a vopt-7 error immediately before this error then please check the package names or the library search paths on the command line.
** Error: ** while parsing file included at ../../src/hvl_top/env/i3c_env_pkg.sv(21)
** at ../../src/hvl_top/test/i3c_test_pkg.sv(26): (vlog-13006) Could not find the package (i3c_virtual_seq_pkg).  Design read will continue, but expect a cascade of errors after this failure.  Furthermore if you experience a vopt-7 error immediately before this error then please check the package names or the library search paths on the command line.
** Error: ** while parsing file included at ../../src/hvl_top/env/i3c_env_pkg.sv(21)
** while parsing file included at ../../src/hvl_top/test/i3c_test_pkg.sv(29)
** at ../../src/hvl_top/test/i3c_base_test.sv(11): Invalid type 'i3c_env'. Please check the type of the variable 'i3c_env_h'.
** Error: ** while parsing file included at ../../src/hvl_top/env/i3c_env_pkg.sv(21)
** while parsing file included at ../../src/hvl_top/test/i3c_test_pkg.sv(29)
** at ../../src/hvl_top/test/i3c_base_test.sv(12): Invalid type 'i3c_env_config'. Please check the type of the variable 'i3c_env_cfg_h'.
** Error: ** while parsing file included at ../../src/hvl_top/env/i3c_env_pkg.sv(21)
** while parsing file included at ../../src/hvl_top/test/i3c_test_pkg.sv(29)
** at ../../src/hvl_top/test/i3c_base_test.sv(48): (vlog-2730) Undefined variable: 'i3c_env_cfg_h'.
** Error: ** while parsing file included at ../../src/hvl_top/env/i3c_env_pkg.sv(21)
** while parsing file included at ../../src/hvl_top/test/i3c_test_pkg.sv(29)
** at ../../src/hvl_top/test/i3c_base_test.sv(48): (vlog-2164) Class or package 'i3c_env_config' not found.
** Error: ** while parsing file included at ../../src/hvl_top/env/i3c_env_pkg.sv(21)
** while parsing file included at ../../src/hvl_top/test/i3c_test_pkg.sv(29)
** at ../../src/hvl_top/test/i3c_base_test.sv(48): Identifier 'i3c_env_config' is not directly visible.
   Found multiple Declaration of 'i3c_env_config' through wildcard imports from these packages : i3c_env_pkg, i3c_env_pkg
** Error: ** while parsing file included at ../../src/hvl_top/env/i3c_env_pkg.sv(21)
** while parsing file included at ../../src/hvl_top/test/i3c_test_pkg.sv(29)
** at ../../src/hvl_top/test/i3c_base_test.sv(48): Illegal to use typedef "i3c_env_config" as a variable.
** Error: (vlog-13069) ** while parsing file included at ../../src/hvl_top/env/i3c_env_pkg.sv(21)
** while parsing file included at ../../src/hvl_top/test/i3c_test_pkg.sv(29)
** at ../../src/hvl_top/test/i3c_base_test.sv(48): near "::": syntax error, unexpected ::, expecting ';'.
** Error: ** while parsing file included at ../../src/hvl_top/env/i3c_env_pkg.sv(21)
** while parsing file included at ../../src/hvl_top/test/i3c_test_pkg.sv(29)
** at ../../src/hvl_top/test/i3c_base_test.sv(49): (vlog-2730) Undefined variable: 'i3c_env_h'.
** Error: ** while parsing file included at ../../src/hvl_top/env/i3c_env_pkg.sv(21)
** while parsing file included at ../../src/hvl_top/test/i3c_test_pkg.sv(29)
** at ../../src/hvl_top/test/i3c_base_test.sv(49): (vlog-2164) Class or package 'i3c_env' not found.
** Error: ** while parsing file included at ../../src/hvl_top/env/i3c_env_pkg.sv(21)
** while parsing file included at ../../src/hvl_top/test/i3c_test_pkg.sv(29)
** at ../../src/hvl_top/test/i3c_base_test.sv(49): (vlog-2730) Undefined variable: 'i3c_env'.
** Error: (vlog-13069) ** while parsing file included at ../../src/hvl_top/env/i3c_env_pkg.sv(21)
** while parsing file included at ../../src/hvl_top/test/i3c_test_pkg.sv(29)
** at ../../src/hvl_top/test/i3c_base_test.sv(49): near "::": syntax error, unexpected ::, expecting ';'.
** Error: ** while parsing file included at ../../src/hvl_top/env/i3c_env_pkg.sv(21)
** while parsing file included at ../../src/hvl_top/test/i3c_test_pkg.sv(29)
** at ../../src/hvl_top/test/i3c_base_test.sv(60): (vlog-2730) Undefined variable: 'NO_OF_CONTROLLERS'.
** Error: ** while parsing file included at ../../src/hvl_top/env/i3c_env_pkg.sv(21)
** while parsing file included at ../../src/hvl_top/test/i3c_test_pkg.sv(29)
** at ../../src/hvl_top/test/i3c_base_test.sv(86): (vlog-2164) Class or package 'i3c_target_agent_config' not found.
** Error: ** while parsing file included at ../../src/hvl_top/env/i3c_env_pkg.sv(21)
** while parsing file included at ../../src/hvl_top/test/i3c_test_pkg.sv(29)
** at ../../src/hvl_top/test/i3c_base_test.sv(86): (vlog-2730) Undefined variable: 'i3c_target_agent_config'.
** Error: (vlog-13069) ** while parsing file included at ../../src/hvl_top/env/i3c_env_pkg.sv(21)
** while parsing file included at ../../src/hvl_top/test/i3c_test_pkg.sv(29)
** at ../../src/hvl_top/test/i3c_base_test.sv(86): near "::": syntax error, unexpected ::, expecting ';'.
** Error: ** while parsing file included at ../../src/hvl_top/env/i3c_env_pkg.sv(21)
** while parsing file included at ../../src/hvl_top/test/i3c_test_pkg.sv(29)
** at ../../src/hvl_top/test/i3c_base_test.sv(94): (vlog-2730) Undefined variable: 'i3c_target_agent_config'.
** Error: ** while parsing file included at ../../src/hvl_top/env/i3c_env_pkg.sv(21)
** while parsing file included at ../../src/hvl_top/test/i3c_test_pkg.sv(29)
** at ../../src/hvl_top/test/i3c_base_test.sv(102): Identifier 'i3c_env_config' is not directly visible.
   Found multiple Declaration of 'i3c_env_config' through wildcard imports from these packages : i3c_env_pkg, i3c_env_pkg
** Error: ** while parsing file included at ../../src/hvl_top/env/i3c_env_pkg.sv(21)
** while parsing file included at ../../src/hvl_top/test/i3c_test_pkg.sv(29)
** at ../../src/hvl_top/test/i3c_base_test.sv(102): Illegal to use typedef "i3c_env_config" as a variable.
** Error: ** while parsing file included at ../../src/hvl_top/env/i3c_env_pkg.sv(21)
** while parsing file included at ../../src/hvl_top/test/i3c_test_pkg.sv(30)
** at ../../src/hvl_top/test/i3c_8b_write_test.sv(11): Invalid type 'i3c_virtual_8b_write_seq'. Please check the type of the variable 'i3c_virtual_8b_write_seq_h'.
** Error: ** while parsing file included at ../../src/hvl_top/env/i3c_env_pkg.sv(21)
** while parsing file included at ../../src/hvl_top/test/i3c_test_pkg.sv(30)
** at ../../src/hvl_top/test/i3c_8b_write_test.sv(67): (vlog-2730) Undefined variable: 'i3c_virtual_8b_write_seq_h'.
** Error: ** while parsing file included at ../../src/hvl_top/env/i3c_env_pkg.sv(21)
** while parsing file included at ../../src/hvl_top/test/i3c_test_pkg.sv(30)
** at ../../src/hvl_top/test/i3c_8b_write_test.sv(67): (vlog-2164) Class or package 'i3c_virtual_8b_write_seq' not found.
** Error: ** while parsing file included at ../../src/hvl_top/env/i3c_env_pkg.sv(21)
** while parsing file included at ../../src/hvl_top/test/i3c_test_pkg.sv(30)
** at ../../src/hvl_top/test/i3c_8b_write_test.sv(67): (vlog-2730) Undefined variable: 'i3c_virtual_8b_write_seq'.
** Error: (vlog-13069) ** while parsing file included at ../../src/hvl_top/env/i3c_env_pkg.sv(21)
** while parsing file included at ../../src/hvl_top/test/i3c_test_pkg.sv(30)
** at ../../src/hvl_top/test/i3c_8b_write_test.sv(67): near "::": syntax error, unexpected ::, expecting ';'.
** Error: ** while parsing file included at ../../src/hvl_top/env/i3c_env_pkg.sv(21)
** while parsing file included at ../../src/hvl_top/test/i3c_test_pkg.sv(31)
** at ../../src/hvl_top/test/i3c_8b_read_test.sv(11): Invalid type 'i3c_virtual_8b_read_seq'. Please check the type of the variable 'i3c_virtual_8b_read_seq_h'.
** Error: ** while parsing file included at ../../src/hvl_top/env/i3c_env_pkg.sv(21)
** while parsing file included at ../../src/hvl_top/test/i3c_test_pkg.sv(31)
** at ../../src/hvl_top/test/i3c_8b_read_test.sv(67): (vlog-2730) Undefined variable: 'i3c_virtual_8b_read_seq_h'.
** Error: ** while parsing file included at ../../src/hvl_top/env/i3c_env_pkg.sv(21)
** while parsing file included at ../../src/hvl_top/test/i3c_test_pkg.sv(31)
** at ../../src/hvl_top/test/i3c_8b_read_test.sv(67): (vlog-2164) Class or package 'i3c_virtual_8b_read_seq' not found.
** Error: ** while parsing file included at ../../src/hvl_top/env/i3c_env_pkg.sv(21)
** while parsing file included at ../../src/hvl_top/test/i3c_test_pkg.sv(31)
** at ../../src/hvl_top/test/i3c_8b_read_test.sv(67): (vlog-2730) Undefined variable: 'i3c_virtual_8b_read_seq'.
** Error: (vlog-13069) ** while parsing file included at ../../src/hvl_top/env/i3c_env_pkg.sv(21)
** while parsing file included at ../../src/hvl_top/test/i3c_test_pkg.sv(31)
** at ../../src/hvl_top/test/i3c_8b_read_test.sv(67): near "::": syntax error, unexpected ::, expecting ';'.
** Error: ** while parsing file included at ../../src/hvl_top/env/i3c_env_pkg.sv(21)
** while parsing file included at ../../src/hvl_top/test/i3c_test_pkg.sv(32)
** at ../../src/hvl_top/test/i3c_8b_write_followed_by_read_test.sv(11): Invalid type 'i3c_virtual_8b_write_followed_by_read_seq'. Please check the type of the variable 'i3c_virtual_8b_write_followed_by_read_seq_h'.
** Error: ** while parsing file included at ../../src/hvl_top/env/i3c_env_pkg.sv(21)
** while parsing file included at ../../src/hvl_top/test/i3c_test_pkg.sv(32)
** at ../../src/hvl_top/test/i3c_8b_write_followed_by_read_test.sv(67): (vlog-2730) Undefined variable: 'i3c_virtual_8b_write_followed_by_read_seq_h'.
** Error: ** while parsing file included at ../../src/hvl_top/env/i3c_env_pkg.sv(21)
** while parsing file included at ../../src/hvl_top/test/i3c_test_pkg.sv(32)
** at ../../src/hvl_top/test/i3c_8b_write_followed_by_read_test.sv(67): (vlog-2164) Class or package 'i3c_virtual_8b_write_followed_by_read_seq' not found.
** Error: ** while parsing file included at ../../src/hvl_top/env/i3c_env_pkg.sv(21)
** while parsing file included at ../../src/hvl_top/test/i3c_test_pkg.sv(32)
** at ../../src/hvl_top/test/i3c_8b_write_followed_by_read_test.sv(67): (vlog-2730) Undefined variable: 'i3c_virtual_8b_write_followed_by_read_seq'.
** Error: (vlog-13069) ** while parsing file included at ../../src/hvl_top/env/i3c_env_pkg.sv(21)
** while parsing file included at ../../src/hvl_top/test/i3c_test_pkg.sv(32)
** at ../../src/hvl_top/test/i3c_8b_write_followed_by_read_test.sv(67): near "::": syntax error, unexpected ::, expecting ';'.
** Error: ** while parsing file included at ../../src/hvl_top/env/i3c_env_pkg.sv(21)
** while parsing file included at ../../src/hvl_top/test/i3c_test_pkg.sv(33)
** at ../../src/hvl_top/test/i3c_direct_ccc_setdasa_test.sv(11): Invalid type 'i3c_virtual_8b_direct_ccc_setdasa_seq'. Please check the type of the variable 'i3c_virtual_8b_direct_ccc_setdasa_seq_h'.
** Error: ** while parsing file included at ../../src/hvl_top/env/i3c_env_pkg.sv(21)
** while parsing file included at ../../src/hvl_top/test/i3c_test_pkg.sv(33)
** at ../../src/hvl_top/test/i3c_direct_ccc_setdasa_test.sv(67): (vlog-2730) Undefined variable: 'i3c_virtual_8b_direct_ccc_setdasa_seq_h'.
** Error: ** while parsing file included at ../../src/hvl_top/env/i3c_env_pkg.sv(21)
** while parsing file included at ../../src/hvl_top/test/i3c_test_pkg.sv(33)
** at ../../src/hvl_top/test/i3c_direct_ccc_setdasa_test.sv(67): (vlog-2164) Class or package 'i3c_virtual_8b_direct_ccc_setdasa_seq' not found.
** Error: ** while parsing file included at ../../src/hvl_top/env/i3c_env_pkg.sv(21)
** while parsing file included at ../../src/hvl_top/test/i3c_test_pkg.sv(33)
** at ../../src/hvl_top/test/i3c_direct_ccc_setdasa_test.sv(67): (vlog-2730) Undefined variable: 'i3c_virtual_8b_direct_ccc_setdasa_seq'.
** Error: (vlog-13069) ** while parsing file included at ../../src/hvl_top/env/i3c_env_pkg.sv(21)
** while parsing file included at ../../src/hvl_top/test/i3c_test_pkg.sv(33)
** at ../../src/hvl_top/test/i3c_direct_ccc_setdasa_test.sv(67): near "::": syntax error, unexpected ::, expecting ';'.
** Error: (vlog-13069) ** while parsing file included at ../../src/hvl_top/env/i3c_env_pkg.sv(22)
** at ../../src/hvl_top/env/virtual_sequencer//i3c_virtual_sequencer.sv(10): near "uvm_sequencer": syntax error, unexpected IDENTIFIER.
** Error: ** while parsing file included at ../../src/hvl_top/env/i3c_env_pkg.sv(22)
** at ../../src/hvl_top/env/virtual_sequencer//i3c_virtual_sequencer.sv(10): Error in class extension specification.
** Error: (vlog-13069) ** while parsing file included at ../../src/hvl_top/env/i3c_env_pkg.sv(22)
** at ../../src/hvl_top/env/virtual_sequencer//i3c_virtual_sequencer.sv(10): near "#": syntax error, unexpected '#', expecting class.
** Error (suppressible): ** while parsing file included at ../../src/hvl_top/env/i3c_env_pkg.sv(22)
** at ../../src/hdl_top/controller_agent_bfm/i3c_controller_driver_bfm.sv(8): (vlog-2744) An import statement is illegal when directly within a class scope.
-- Compiling interface i3c_controller_driver_bfm
** Error: ** while parsing file included at ../../src/hvl_top/env/i3c_env_pkg.sv(22)
** at ../../src/hdl_top/controller_agent_bfm/i3c_controller_driver_bfm.sv(10): Illegal use of 'automatic' for variable declaration (pclk).
** Error: ** while parsing file included at ../../src/hvl_top/env/i3c_env_pkg.sv(22)
** at ../../src/hdl_top/controller_agent_bfm/i3c_controller_driver_bfm.sv(11): Illegal use of 'automatic' for variable declaration (areset).
** Error: ** while parsing file included at ../../src/hvl_top/env/i3c_env_pkg.sv(22)
** at ../../src/hdl_top/controller_agent_bfm/i3c_controller_driver_bfm.sv(12): Illegal use of 'automatic' for variable declaration (scl_i).
** Error: ** while parsing file included at ../../src/hvl_top/env/i3c_env_pkg.sv(22)
** at ../../src/hdl_top/controller_agent_bfm/i3c_controller_driver_bfm.sv(13): Illegal use of 'automatic' for variable declaration (scl_o).
** Error: ** while parsing file included at ../../src/hvl_top/env/i3c_env_pkg.sv(22)
** at ../../src/hdl_top/controller_agent_bfm/i3c_controller_driver_bfm.sv(14): Illegal use of 'automatic' for variable declaration (scl_oen).
** Error: ** while parsing file included at ../../src/hvl_top/env/i3c_env_pkg.sv(22)
** at ../../src/hdl_top/controller_agent_bfm/i3c_controller_driver_bfm.sv(15): Illegal use of 'automatic' for variable declaration (sda_i).
** Error: ** while parsing file included at ../../src/hvl_top/env/i3c_env_pkg.sv(22)
** at ../../src/hdl_top/controller_agent_bfm/i3c_controller_driver_bfm.sv(16): Illegal use of 'automatic' for variable declaration (sda_o).
** Error: ** while parsing file included at ../../src/hvl_top/env/i3c_env_pkg.sv(22)
** at ../../src/hdl_top/controller_agent_bfm/i3c_controller_driver_bfm.sv(21): Illegal use of 'automatic' for variable declaration (sda_oen).
** Error: ** while parsing file included at ../../src/hvl_top/env/i3c_env_pkg.sv(22)
** at ../../src/hdl_top/controller_agent_bfm/i3c_controller_driver_bfm.sv(22): Illegal use of 'automatic' for variable declaration (state).
** Error: (vlog-13069) ** while parsing file included at ../../src/hvl_top/env/i3c_env_pkg.sv(22)
** at ../../src/hvl_top/env/virtual_sequencer//i3c_virtual_sequencer.sv(10): near "(": syntax error, unexpected '(', expecting class.
** Error (suppressible): ** while parsing file included at ../../src/hvl_top/env/i3c_env_pkg.sv(22)
** at ../../src/hdl_top/controller_agent_bfm/i3c_controller_monitor_bfm.sv(8): (vlog-2744) An import statement is illegal when directly within a class scope.
-- Compiling interface i3c_controller_monitor_bfm
** Error: ** while parsing file included at ../../src/hvl_top/env/i3c_env_pkg.sv(22)
** at ../../src/hdl_top/controller_agent_bfm/i3c_controller_monitor_bfm.sv(9): Illegal use of 'automatic' for variable declaration (pclk).
** Error: ** while parsing file included at ../../src/hvl_top/env/i3c_env_pkg.sv(22)
** at ../../src/hdl_top/controller_agent_bfm/i3c_controller_monitor_bfm.sv(10): Illegal use of 'automatic' for variable declaration (areset).
** Error: ** while parsing file included at ../../src/hvl_top/env/i3c_env_pkg.sv(22)
** at ../../src/hdl_top/controller_agent_bfm/i3c_controller_monitor_bfm.sv(11): Illegal use of 'automatic' for variable declaration (scl_i).
** Error: ** while parsing file included at ../../src/hvl_top/env/i3c_env_pkg.sv(22)
** at ../../src/hdl_top/controller_agent_bfm/i3c_controller_monitor_bfm.sv(12): Illegal use of 'automatic' for variable declaration (scl_o).
** Error: ** while parsing file included at ../../src/hvl_top/env/i3c_env_pkg.sv(22)
** at ../../src/hdl_top/controller_agent_bfm/i3c_controller_monitor_bfm.sv(13): Illegal use of 'automatic' for variable declaration (scl_oen).
** Error: ** while parsing file included at ../../src/hvl_top/env/i3c_env_pkg.sv(22)
** at ../../src/hdl_top/controller_agent_bfm/i3c_controller_monitor_bfm.sv(14): Illegal use of 'automatic' for variable declaration (sda_i).
** Error: ** while parsing file included at ../../src/hvl_top/env/i3c_env_pkg.sv(22)
** at ../../src/hdl_top/controller_agent_bfm/i3c_controller_monitor_bfm.sv(15): Illegal use of 'automatic' for variable declaration (sda_o).
** Error: ** while parsing file included at ../../src/hvl_top/env/i3c_env_pkg.sv(22)
** at ../../src/hdl_top/controller_agent_bfm/i3c_controller_monitor_bfm.sv(19): Illegal use of 'automatic' for variable declaration (sda_oen).
** Error: ** while parsing file included at ../../src/hvl_top/env/i3c_env_pkg.sv(22)
** at ../../src/hdl_top/controller_agent_bfm/i3c_controller_monitor_bfm.sv(32): Could not find 'i3c_controller_monitor_proxy' in the package i3c_controller_pkg.
** Error: (vlog-13069) ** while parsing file included at ../../src/hvl_top/env/i3c_env_pkg.sv(31)
** at ../../src/hvl_top/env/i3c_env.sv(8): near "uvm_env": syntax error, unexpected IDENTIFIER.
** Error: ** while parsing file included at ../../src/hvl_top/env/i3c_env_pkg.sv(31)
** at ../../src/hvl_top/env/i3c_env.sv(8): Error in class extension specification.
-- Compiling module i3c_controller_agent_bfm
** Error: ** while parsing file included at ../../src/hvl_top/env/i3c_env_pkg.sv(31)
** at ../../src/hvl_top/env/i3c_env.sv(16): (vlog-2730) Undefined variable: 'intf'.
** Error: ** while parsing file included at ../../src/hvl_top/env/i3c_env_pkg.sv(31)
** at ../../src/hdl_top/controller_agent_bfm/i3c_controller_agent_bfm.sv(70): Illegal use of 'automatic' for variable declaration (intf).
** Error: ../../src/hvl_top/env/i3c_env.sv(16): (vlog-13294) Identifier must be declared with a port mode: intf.
** Warning: (vlog-13184) ../../src/hdl_top/controller_agent_bfm/i3c_controller_agent_bfm.sv(72): The Verilog preprocessor found an `endif directive matched to an `if directive in a different file: ../../src/hvl_top/env/i3c_env.sv(8)
** Error: (vlog-13069) ../../src/hvl_top/env/i3c_env_pkg.sv(33): near "endpackage": syntax error, unexpected "SystemVerilog keyword 'endpackage'", expecting class.
** Error (suppressible): ../../src/hdl_top/target_agent_bfm/i3c_slave_driver_bfm.sv(7): (vlog-2744) An import statement is illegal when directly within a class scope.
-- Compiling interface i3c_slave_driver_bfm
** Error: ../../src/hdl_top/target_agent_bfm/i3c_slave_driver_bfm.sv(9): Illegal use of 'automatic' for variable declaration (pclk).
** Error: ../../src/hdl_top/target_agent_bfm/i3c_slave_driver_bfm.sv(10): Illegal use of 'automatic' for variable declaration (areset).
** Error: ../../src/hdl_top/target_agent_bfm/i3c_slave_driver_bfm.sv(11): Illegal use of 'automatic' for variable declaration (scl_i).
** Error: ../../src/hdl_top/target_agent_bfm/i3c_slave_driver_bfm.sv(12): Illegal use of 'automatic' for variable declaration (scl_o).
** Error: ../../src/hdl_top/target_agent_bfm/i3c_slave_driver_bfm.sv(13): Illegal use of 'automatic' for variable declaration (scl_oen).
** Error: ../../src/hdl_top/target_agent_bfm/i3c_slave_driver_bfm.sv(14): Illegal use of 'automatic' for variable declaration (sda_i).
** Error: ../../src/hdl_top/target_agent_bfm/i3c_slave_driver_bfm.sv(15): Illegal use of 'automatic' for variable declaration (sda_o).
** Error: ../../src/hdl_top/target_agent_bfm/i3c_slave_driver_bfm.sv(16): Illegal use of 'automatic' for variable declaration (sda_oen).
** Error: ../../src/hdl_top/target_agent_bfm/i3c_slave_driver_bfm.sv(18): Illegal use of 'automatic' for variable declaration (state).
** Error: ../../src/hdl_top/target_agent_bfm/i3c_slave_driver_bfm.sv(34): (vlog-13006) Could not find the package (i3c_slave_pkg).  Design read will continue, but expect a cascade of errors after this failure.  Furthermore if you experience a vopt-7 error immediately before this error then please check the package names or the library search paths on the command line.
** Error: (vlog-13069) ../../src/hdl_top/target_agent_bfm/i3c_slave_driver_bfm.sv(168): near "rd_wr": syntax error, unexpected IDENTIFIER, expecting ')'.
** Error: (vlog-13069) ../../src/hdl_top/target_agent_bfm/i3c_slave_driver_bfm.sv(220): near ";": syntax error, unexpected ';', expecting '('.
** Error: ../../src/hdl_top/target_agent_bfm/i3c_slave_driver_bfm.sv(224): Illegal declaration after the statement near line '220'.  Declarations must precede statements.  Look for stray semicolons.
-- Compiling interface i3c_slave_monitor_bfm
** Error: ../../src/hdl_top/target_agent_bfm/i3c_slave_monitor_bfm.sv(8): Illegal use of 'automatic' for variable declaration (pclk).
** Error: ../../src/hdl_top/target_agent_bfm/i3c_slave_monitor_bfm.sv(9): Illegal use of 'automatic' for variable declaration (areset).
** Error: ../../src/hdl_top/target_agent_bfm/i3c_slave_monitor_bfm.sv(10): Illegal use of 'automatic' for variable declaration (scl_i).
** Error: ../../src/hdl_top/target_agent_bfm/i3c_slave_monitor_bfm.sv(11): Illegal use of 'automatic' for variable declaration (scl_o).
** Error: ../../src/hdl_top/target_agent_bfm/i3c_slave_monitor_bfm.sv(12): Illegal use of 'automatic' for variable declaration (scl_oen).
** Error: ../../src/hdl_top/target_agent_bfm/i3c_slave_monitor_bfm.sv(13): Illegal use of 'automatic' for variable declaration (sda_i).
** Error: ../../src/hdl_top/target_agent_bfm/i3c_slave_monitor_bfm.sv(14): Illegal use of 'automatic' for variable declaration (sda_o).
** Error: ../../src/hdl_top/target_agent_bfm/i3c_slave_monitor_bfm.sv(15): Illegal use of 'automatic' for variable declaration (sda_oen).
** Error: ../../src/hdl_top/target_agent_bfm/i3c_slave_monitor_bfm.sv(25): (vlog-13006) Could not find the package (i3c_slave_pkg).  Design read will continue, but expect a cascade of errors after this failure.  Furthermore if you experience a vopt-7 error immediately before this error then please check the package names or the library search paths on the command line.
** Error: ../../src/hdl_top/target_agent_bfm/i3c_slave_monitor_bfm.sv(26): (vlog-13006) Could not find the package (i3c_slave_pkg).  Design read will continue, but expect a cascade of errors after this failure.  Furthermore if you experience a vopt-7 error immediately before this error then please check the package names or the library search paths on the command line.
-- Compiling module i3c_slave_agent_bfm
** Error: ../../src/hdl_top/target_agent_bfm/i3c_slave_agent_bfm.sv(5): (vlog-2730) Undefined variable: 'intf'.
** Error: ../../src/hdl_top/target_agent_bfm/i3c_slave_agent_bfm.sv(5): (vlog-13294) Identifier must be declared with a port mode: intf.
-- Compiling module hdl_top
** Error: ../../src/hdl_top/hdl_top.sv(11): Illegal use of 'automatic' for variable declaration (clk).
-- Compiling module hvl_top
** Error: ../../src/hvl_top/hvl_top.sv(9): (vlog-13006) Could not find the package (i3c_test_pkg).  Design read will continue, but expect a cascade of errors after this failure.  Furthermore if you experience a vopt-7 error immediately before this error then please check the package names or the library search paths on the command line.
** Error: End of source encountered before `endif directive closing region starting at file '../../src/hvl_top/env/i3c_env.sv' line 1.
End time: 23:36:54 on Dec 18,2023, Elapsed time: 0:00:01
Errors: 177, Warnings: 1
